MyKotlinApp/app/build/intermediates/manifest_merge_blame_file/debug/processDebugMainManifest/manifest-merger-blame-debug-report.txt
1<?xml version="1.0" encoding="utf-8"?>
2<manifest xmlns:android="http://schemas.android.com/apk/res/android"
3    package="com.example.mykotlinapp"
4    android:versionCode="1"
5    android:versionName="1.0" >
6
7    <uses-sdk
8        android:minSdkVersion="24"
9        android:targetSdkVersion="34" />
10
11    <uses-permission android:name="android.permission.INTERNET" />
11-->src\main\AndroidManifest.xml:5:5-67
11-->src\main\AndroidManifest.xml:5:22-64
12    <uses-permission android:name="android.permission.RECORD_AUDIO" />
12-->src\main\AndroidManifest.xml:6:5-71
12-->src\main\AndroidManifest.xml:6:22-68
13
14    <permission
14-->[androidx.core:core:1.13.1] AndroidManifest.xml:22:5-24:47
15        android:name="com.example.mykotlinapp.DYNAMIC_RECEIVER_NOT_EXPORTED_PERMISSION"
15-->[androidx.core:core:1.13.1] AndroidManifest.xml:23:9-81
16        android:protectionLevel="signature" />
16-->[androidx.core:core:1.13.1] AndroidManifest.xml:24:9-44
17
18    <uses-permission android:name="com.example.mykotlinapp.DYNAMIC_RECEIVER_NOT_EXPORTED_PERMISSION" />
18-->[androidx.core:core:1.13.1] AndroidManifest.xml:26:5-97
18-->[androidx.core:core:1.13.1] AndroidManifest.xml:26:22-94
19
20    <application
20-->src\main\AndroidManifest.xml:8:5-71:19
21        android:allowBackup="true"
21-->src\main\AndroidManifest.xml:9:9-35
22        android:appComponentFactory="androidx.core.app.CoreComponentFactory"
22-->[androidx.core:core:1.13.1] AndroidManifest.xml:28:18-86
23        android:dataExtractionRules="@xml/data_extraction_rules"
23-->src\main\AndroidManifest.xml:10:9-65
24        android:debuggable="true"
25        android:extractNativeLibs="false"
26        android:fullBackupContent="@xml/backup_rules"
26-->src\main\AndroidManifest.xml:11:9-54
27        android:icon="@mipmap/ic_launcher"
27-->src\main\AndroidManifest.xml:12:9-43
28        android:label="@string/app_name"
28-->src\main\AndroidManifest.xml:13:9-41
29        android:roundIcon="@mipmap/ic_launcher_round"
29-->src\main\AndroidManifest.xml:14:9-54
30        android:supportsRtl="true"
30-->src\main\AndroidManifest.xml:15:9-35
31        android:testOnly="true"
32        android:theme="@style/Theme.MyKotlinApp" >
32-->src\main\AndroidManifest.xml:16:9-49
33        <activity
33-->src\main\AndroidManifest.xml:18:9-22:20
34            android:name="com.example.mykotlinapp.Quiz"
34-->src\main\AndroidManifest.xml:19:13-33
35            android:exported="true" >
35-->src\main\AndroidManifest.xml:20:13-36
36        </activity>
37        <activity
37-->src\main\AndroidManifest.xml:23:9-31:20
38            android:name="com.example.mykotlinapp.Dashboard"
38-->src\main\AndroidManifest.xml:24:13-38
39            android:exported="true" >
39-->src\main\AndroidManifest.xml:25:13-36
40            <intent-filter>
40-->src\main\AndroidManifest.xml:26:13-30:29
41                <action android:name="android.intent.action.MAIN" />
41-->src\main\AndroidManifest.xml:27:17-69
41-->src\main\AndroidManifest.xml:27:25-66
42
43                <category android:name="android.intent.category.LAUNCHER" />
43-->src\main\AndroidManifest.xml:29:17-77
43-->src\main\AndroidManifest.xml:29:27-74
44            </intent-filter>
45        </activity>
46        <activity
46-->src\main\AndroidManifest.xml:32:9-34:39
47            android:name="com.example.mykotlinapp.secondActivity"
47-->src\main\AndroidManifest.xml:33:13-43
48            android:exported="true" />
48-->src\main\AndroidManifest.xml:34:13-36
49        <activity
49-->src\main\AndroidManifest.xml:35:9-37:39
50            android:name="com.example.mykotlinapp.Level"
50-->src\main\AndroidManifest.xml:36:13-34
51            android:exported="true" />
51-->src\main\AndroidManifest.xml:37:13-36
52        <activity
52-->src\main\AndroidManifest.xml:38:9-40:39
53            android:name="com.example.mykotlinapp.Settings"
53-->src\main\AndroidManifest.xml:39:13-37
54            android:exported="true" />
54-->src\main\AndroidManifest.xml:40:13-36
55        <activity
55-->src\main\AndroidManifest.xml:41:9-43:39
56            android:name="com.example.mykotlinapp.About"
56-->src\main\AndroidManifest.xml:42:13-34
57            android:exported="true" />
57-->src\main\AndroidManifest.xml:43:13-36
58        <activity
58-->src\main\AndroidManifest.xml:44:9-46:39
59            android:name="com.example.mykotlinapp.easyLevel"
59-->src\main\AndroidManifest.xml:45:13-38
60            android:exported="true" />
60-->src\main\AndroidManifest.xml:46:13-36
61        <activity
61-->src\main\AndroidManifest.xml:47:9-49:39
62            android:name="com.example.mykotlinapp.mediumLevel"
62-->src\main\AndroidManifest.xml:48:13-40
63            android:exported="true" />
63-->src\main\AndroidManifest.xml:49:13-36
64        <activity
64-->src\main\AndroidManifest.xml:50:9-52:39
65            android:name="com.example.mykotlinapp.hardLevel"
65-->src\main\AndroidManifest.xml:51:13-38
66            android:exported="true" />
66-->src\main\AndroidManifest.xml:52:13-36
67        <activity
67-->src\main\AndroidManifest.xml:53:9-55:39
68            android:name="com.example.mykotlinapp.malinKundang"
68-->src\main\AndroidManifest.xml:54:13-41
69            android:exported="true" />
69-->src\main\AndroidManifest.xml:55:13-36
70        <activity
70-->src\main\AndroidManifest.xml:56:9-58:39
71            android:name="com.example.mykotlinapp.shepherdStory"
71-->src\main\AndroidManifest.xml:57:13-42
72            android:exported="true" />
72-->src\main\AndroidManifest.xml:58:13-36
73        <activity
73-->src\main\AndroidManifest.xml:59:9-61:39
74            android:name="com.example.mykotlinapp.wrongAnswer"
74-->src\main\AndroidManifest.xml:60:13-40
75            android:exported="true" />
75-->src\main\AndroidManifest.xml:61:13-36
76        <activity
76-->src\main\AndroidManifest.xml:62:9-64:39
77            android:name="com.example.mykotlinapp.bawangMerah"
77-->src\main\AndroidManifest.xml:63:13-40
78            android:exported="true" />
78-->src\main\AndroidManifest.xml:64:13-36
79        <activity
79-->src\main\AndroidManifest.xml:65:9-67:39
80            android:name="com.example.mykotlinapp.bawangMerahEasy"
80-->src\main\AndroidManifest.xml:66:13-44
81            android:exported="true" />
81-->src\main\AndroidManifest.xml:67:13-36
82        <activity
82-->src\main\AndroidManifest.xml:68:9-70:39
83            android:name="com.example.mykotlinapp.easyQuiz"
83-->src\main\AndroidManifest.xml:69:13-37
84            android:exported="true" />
84-->src\main\AndroidManifest.xml:70:13-36
85
86        <provider
86-->[androidx.emoji2:emoji2:1.3.0] AndroidManifest.xml:24:9-32:20
87            android:name="androidx.startup.InitializationProvider"
87-->[androidx.emoji2:emoji2:1.3.0] AndroidManifest.xml:25:13-67
88            android:authorities="com.example.mykotlinapp.androidx-startup"
88-->[androidx.emoji2:emoji2:1.3.0] AndroidManifest.xml:26:13-68
89            android:exported="false" >
89-->[androidx.emoji2:emoji2:1.3.0] AndroidManifest.xml:27:13-37
90            <meta-data
90-->[androidx.emoji2:emoji2:1.3.0] AndroidManifest.xml:29:13-31:52
91                android:name="androidx.emoji2.text.EmojiCompatInitializer"
91-->[androidx.emoji2:emoji2:1.3.0] AndroidManifest.xml:30:17-75
92                android:value="androidx.startup" />
92-->[androidx.emoji2:emoji2:1.3.0] AndroidManifest.xml:31:17-49
93            <meta-data
93-->[androidx.lifecycle:lifecycle-process:2.6.2] AndroidManifest.xml:29:13-31:52
94                android:name="androidx.lifecycle.ProcessLifecycleInitializer"
94-->[androidx.lifecycle:lifecycle-process:2.6.2] AndroidManifest.xml:30:17-78
95                android:value="androidx.startup" />
95-->[androidx.lifecycle:lifecycle-process:2.6.2] AndroidManifest.xml:31:17-49
96            <meta-data
96-->[androidx.profileinstaller:profileinstaller:1.3.1] AndroidManifest.xml:29:13-31:52
97                android:name="androidx.profileinstaller.ProfileInstallerInitializer"
97-->[androidx.profileinstaller:profileinstaller:1.3.1] AndroidManifest.xml:30:17-85
98                android:value="androidx.startup" />
98-->[androidx.profileinstaller:profileinstaller:1.3.1] AndroidManifest.xml:31:17-49
99        </provider>
100
101        <receiver
101-->[androidx.profileinstaller:profileinstaller:1.3.1] AndroidManifest.xml:34:9-52:20
102            android:name="androidx.profileinstaller.ProfileInstallReceiver"
102-->[androidx.profileinstaller:profileinstaller:1.3.1] AndroidManifest.xml:35:13-76
103            android:directBootAware="false"
103-->[androidx.profileinstaller:profileinstaller:1.3.1] AndroidManifest.xml:36:13-44
104            android:enabled="true"
104-->[androidx.profileinstaller:profileinstaller:1.3.1] AndroidManifest.xml:37:13-35
105            android:exported="true"
105-->[androidx.profileinstaller:profileinstaller:1.3.1] AndroidManifest.xml:38:13-36
106            android:permission="android.permission.DUMP" >
106-->[androidx.profileinstaller:profileinstaller:1.3.1] AndroidManifest.xml:39:13-57
107            <intent-filter>
107-->[androidx.profileinstaller:profileinstaller:1.3.1] AndroidManifest.xml:40:13-42:29
108                <action android:name="androidx.profileinstaller.action.INSTALL_PROFILE" />
108-->[androidx.profileinstaller:profileinstaller:1.3.1] AndroidManifest.xml:41:17-91
108-->[androidx.profileinstaller:profileinstaller:1.3.1] AndroidManifest.xml:41:25-88
109            </intent-filter>
110            <intent-filter>
110-->[androidx.profileinstaller:profileinstaller:1.3.1] AndroidManifest.xml:43:13-45:29
111                <action android:name="androidx.profileinstaller.action.SKIP_FILE" />
111-->[androidx.profileinstaller:profileinstaller:1.3.1] AndroidManifest.xml:44:17-85
111-->[androidx.profileinstaller:profileinstaller:1.3.1] AndroidManifest.xml:44:25-82
112            </intent-filter>
113            <intent-filter>
113-->[androidx.profileinstaller:profileinstaller:1.3.1] AndroidManifest.xml:46:13-48:29
114                <action android:name="androidx.profileinstaller.action.SAVE_PROFILE" />
114-->[androidx.profileinstaller:profileinstaller:1.3.1] AndroidManifest.xml:47:17-88
114-->[androidx.profileinstaller:profileinstaller:1.3.1] AndroidManifest.xml:47:25-85
115            </intent-filter>
116            <intent-filter>
116-->[androidx.profileinstaller:profileinstaller:1.3.1] AndroidManifest.xml:49:13-51:29
117                <action android:name="androidx.profileinstaller.action.BENCHMARK_OPERATION" />
117-->[androidx.profileinstaller:profileinstaller:1.3.1] AndroidManifest.xml:50:17-95
117-->[androidx.profileinstaller:profileinstaller:1.3.1] AndroidManifest.xml:50:25-92
118            </intent-filter>
119        </receiver>
120    </application>
121
122</manifest>